<?xml version="1.0" encoding="UTF-8"?>
<!-- Generated by org.testng.reporters.JUnitReportReporter -->
<testsuite hostname="DESKTOP-PJ44N8I" failures="0" tests="6" name="tests.RegressionTest" time="99.267" errors="0" timestamp="2022-05-13T00:51:24 EET" skipped="0">
  <testcase classname="tests.RegressionTest" name="RegisterationWithExistemail" time="6.345"/>
  <system-out/>
  <testcase classname="tests.RegressionTest" name="CheckBillingAddressRequired" time="46.558"/>
  <system-out/>
  <testcase classname="tests.RegressionTest" name="CheckDiscountDone" time="17.421"/>
  <system-out/>
  <testcase classname="tests.RegressionTest" name="CheckoutWithoutTerms" time="17.805"/>
  <system-out/>
  <testcase classname="tests.RegressionTest" name="InvalidPassLogin" time="5.943"/>
  <system-out/>
  <testcase classname="tests.RegressionTest" name="InvalidEmailLogin" time="5.195"/>
  <system-out/>
</testsuite> <!-- tests.RegressionTest -->
