<?xml version="1.0" encoding="UTF-8"?>
<!-- Generated by org.testng.reporters.JUnitReportReporter -->
<testsuite hostname="L-EGE-4JLGPG3" failures="0" tests="5" name="tests.BuyProductsTests" time="101.257" errors="0" timestamp="2022-01-19T15:40:32 EET" skipped="0">
  <testcase classname="tests.BuyProductsTests" name="CheckBillingAddressRequired" time="23.953"/>
  <system-out/>
  <testcase classname="tests.BuyProductsTests" name="BuyProduct" time="29.626"/>
  <system-out/>
  <testcase classname="tests.BuyProductsTests" name="CheckDiscountDone" time="15.495"/>
  <system-out/>
  <testcase classname="tests.BuyProductsTests" name="CheckoutWithTerms" time="19.129"/>
  <system-out/>
  <testcase classname="tests.BuyProductsTests" name="AddProductToCartSuccessfully" time="13.054"/>
  <system-out/>
</testsuite> <!-- tests.BuyProductsTests -->
