<?xml version="1.0" encoding="UTF-8"?>
<!-- Generated by org.testng.reporters.JUnitReportReporter -->
<testsuite hostname="L-EGE-4JLGPG3" failures="0" tests="1" name="tests.BuyProduct" time="38.150" errors="0" timestamp="2022-01-17T09:43:30 EET" skipped="0">
  <testcase classname="tests.BuyProduct" name="BuyProduct" time="38.150"/>
  <system-out/>
</testsuite> <!-- tests.BuyProduct -->
