<?xml version="1.0" encoding="UTF-8"?>
<!-- Generated by org.testng.reporters.JUnitReportReporter -->
<testsuite hostname="L-EGE-4JLGPG3" failures="0" tests="6" name="tests.RegressionTest" time="66.685" errors="0" timestamp="2022-01-24T11:22:59 EET" skipped="0">
  <testcase classname="tests.RegressionTest" name="RegisterationWithExistemail" time="5.065"/>
  <system-out/>
  <testcase classname="tests.RegressionTest" name="CheckBillingAddressRequired" time="20.295"/>
  <system-out/>
  <testcase classname="tests.RegressionTest" name="InvalidEmailLogin" time="5.439"/>
  <system-out/>
  <testcase classname="tests.RegressionTest" name="CheckoutWithoutTerms" time="16.393"/>
  <system-out/>
  <testcase classname="tests.RegressionTest" name="CheckDiscountDone" time="15.397"/>
  <system-out/>
  <testcase classname="tests.RegressionTest" name="InvalidPassLogin" time="4.096"/>
  <system-out/>
</testsuite> <!-- tests.RegressionTest -->
