<?xml version="1.0" encoding="UTF-8"?>
<!-- Generated by org.testng.reporters.JUnitReportReporter -->
<testsuite hostname="L-EGE-4JLGPG3" failures="0" tests="3" name="tests.LoginPageTests" time="12.050" errors="0" timestamp="2022-01-19T15:40:32 EET" skipped="0">
  <testcase classname="tests.LoginPageTests" name="InvalidPassLogin" time="3.835"/>
  <system-out/>
  <testcase classname="tests.LoginPageTests" name="InvalidEmailLogin" time="3.453"/>
  <system-out/>
  <testcase classname="tests.LoginPageTests" name="ValidLogin" time="4.762"/>
  <system-out/>
</testsuite> <!-- tests.LoginPageTests -->
